Script started on 2026-03-24 17:19:21+03:00 [TERM="tmux-256color" TTY="/dev/pts/5" COLUMNS="164" LINES="56"]
[?2004h[[1;32muser@yandex-client-1[m 27][33;1m$ [m[7mydb -p default --user ivanov@ldap[27m[C[C[C[C[C[C[C[C[C[C[C[C[C[C[C[C[C[C[C[C[C[C[C[C[C[C[Cydb -p default --user ivanov@ldap
[?2004lWelcome to YDB CLI [1m2.28.0[22;39m interactive mode (YDB Server [1m25.2.1.ent.4[22;39m)
[1mHotkeys:[22;39m
  [1mUp and Down arrow keys[22;39m: navigate through query history.
  [1mTAB[22;39m: complete the current word based on YQL syntax.
  [1mCtrl+R[22;39m: search for a query in history containing a specified substring.
  [1mCtrl+D[22;39m: exit interactive mode.

[?2004h[1Gdefault> [10G[0m[J
         [0;90mSELECT[0m
         [0;90mPRAGMA[0m
         [0;90mFROM[0m
         [0;90mINSERT[0m[4A[10G[1Gdefault> [0;22;34mSELECT[0m [0;38;5;145m*[0m [0;22;34mFROM[0m item [0;22;34mLIMIT[0m [0;92m10[0m[J[37G[10G[0;22;34mSELECT[0m [0;38;5;145m*[0m [0;22;34mFROM[0m item [0;22;34mLIMIT[0m [0;92m10[0m[J[37G[10G[0;22;34mSELECT[0m [0;38;5;145m*[0m [0;22;34mFROM[0m item [0;22;34mLIMIT[0m [0;92m10[0m[J[37G
[KStatus: SCHEME_ERROR
Issues: 
<main>: Error: Type annotation, code: 1030
    <main>:1:1: Error: At function: KiReadTable!
        <main>:1:1: Error: Cannot find table 'db.[/Root/database/item]' because it does not exist or you do not have access permissions. Please check correctness of table path and user permissions., code: 2003
[1Gdefault> [10G[0m[J
         [0;90mSELECT[0m
         [0;90mPRAGMA[0m
         [0;90mFROM[0m
         [0;90mINSERT[0m[4A[10G
[1G[JBye
[?2004l[?2004h[[1;32muser@yandex-client-1[m 27][33;1m$ [m[7mydb -p default --user root sql -s 'GRANT SELECT ON `/Root/database/item` TO `cn=ydb_role1,ou=groups,dc=ydb-cluster,dc=com@ldap`'[27m[C[C[C[C[C[C[C[C[C[C[C[C[C[C[C[C[C[C[C[C[C[C[C[C[C[C[Cydb -p default --user root sql -s 'GRANT SELECT ON `/Root/database/item` TO `cn=ydb_role1,ou=groups,dc=ydb-cluster,dc=com@ldap`'
[?2004l[K[?2004h[[1;32muser@yandex-client-1[m 27][33;1m$ [mydb -p default --user root sql -s 'GRANT SELECT ON `/Root/database/item` TO `cn=ydb_role1,ou=groups,dc=ydb-cluster,dc=com@ldap`'[C[C[C[C[C[C[C[C[C[C[C[C[C[C[C[C[C[C[C[C[C[C[C[C[C[C[C[C[C[C[C[C[C[C[C[C[C[C[C[C[C[C[C[C[C[C[C[C[Civanov@ldap[K
[?2004lWelcome to YDB CLI [1m2.28.0[22;39m interactive mode (YDB Server [1m25.2.1.ent.4[22;39m)
[1mHotkeys:[22;39m
  [1mUp and Down arrow keys[22;39m: navigate through query history.
  [1mTAB[22;39m: complete the current word based on YQL syntax.
  [1mCtrl+R[22;39m: search for a query in history containing a specified substring.
  [1mCtrl+D[22;39m: exit interactive mode.

[?2004h[1Gdefault> [10G[0m[J
         [0;90mSELECT[0m
         [0;90mPRAGMA[0m
         [0;90mFROM[0m
         [0;90mINSERT[0m[4A[10G[1Gdefault> [0;22;34mSELECT[0m [0;38;5;145m*[0m [0;22;34mFROM[0m item [0;22;34mLIMIT[0m [0;92m10[0m[J[37G[10G[0;22;34mSELECT[0m [0;38;5;145m*[0m [0;22;34mFROM[0m item [0;22;34mLIMIT[0m [0;92m10[0m[J[37G[10G[0;22;34mSELECT[0m [0;38;5;145m*[0m [0;22;34mFROM[0m item [0;22;34mLIMIT[0m [0;92m10[0m[J[37G
[K┌─────────────────────────────────────────────────────┬──────┬─────────┬───────────────────────────┬─────────┐
[0m[0;39m│ [0m[0;39mI_DATA                                             [0m[0;39m │ I_ID[0m[0;39m │ I_IM_ID[0m[0;39m │ I_NAME                   [0m[0;39m │ I_PRICE[0m[0;39m │
├─────────────────────────────────────────────────────┼──────┼─────────┼───────────────────────────┼─────────┤
[0m[0;39m│ [0m[0;39m"tuiyrcbnjhomjyrnrefuvrtvyORIGINAL"                [0m[0;39m │ 1   [0m[0;39m │ 1598   [0m[0;39m │ "sahdfivjbbsrferbslbbszw"[0m[0;39m │ 31.34  [0m[0;39m │
├─────────────────────────────────────────────────────┼──────┼─────────┼───────────────────────────┼─────────┤
[0m[0;39m│ [0m[0;39m"jshemfwnwyckpmqyjrjygldtmbqzyypamzfnkovobtbktbkfb"[0m[0;39m │ 2   [0m[0;39m │ 6697   [0m[0;39m │ "ostskbxnziwmne"         [0m[0;39m │ 47.91  [0m[0;39m │
├─────────────────────────────────────────────────────┼──────┼─────────┼───────────────────────────┼─────────┤
[0m[0;39m│ [0m[0;39m"irtvgpjdyyvrhoqtxmoqfdlxrvednulfhhavgaavc"        [0m[0;39m │ 3   [0m[0;39m │ 1642   [0m[0;39m │ "bpohwvtwuhcdaizup"      [0m[0;39m │ 97.98  [0m[0;39m │
├─────────────────────────────────────────────────────┼──────┼─────────┼───────────────────────────┼─────────┤
[0m[0;39m│ [0m[0;39m"ubzyzzsjgmomjlywjvjabmpbwlnwtcetxr"               [0m[0;39m │ 4   [0m[0;39m │ 9512   [0m[0;39m │ "agdikkwkyidmrmtkgtgui"  [0m[0;39m │ 76.02  [0m[0;39m │
├─────────────────────────────────────────────────────┼──────┼─────────┼───────────────────────────┼─────────┤
[0m[0;39m│ [0m[0;39m"sznilreimgrslxrpjdithjpfwnm"                      [0m[0;39m │ 5   [0m[0;39m │ 5839   [0m[0;39m │ "elxqdufqfggaiimrt"      [0m[0;39m │ 69.5   [0m[0;39m │
├─────────────────────────────────────────────────────┼──────┼─────────┼───────────────────────────┼─────────┤
[0m[0;39m│ [0m[0;39m"xxzmiphdlrjownzijpzpijkxeforffiudjeu"             [0m[0;39m │ 6   [0m[0;39m │ 9787   [0m[0;39m │ "chlovdiudamtobfcui"     [0m[0;39m │ 89.8   [0m[0;39m │
├─────────────────────────────────────────────────────┼──────┼─────────┼───────────────────────────┼─────────┤
[0m[0;39m│ [0m[0;39m"mdyeftigecloksydavpcfipkkyatvvgtmixpeum"          [0m[0;39m │ 7   [0m[0;39m │ 9224   [0m[0;39m │ "igkwlmnzxsxxvsjc"       [0m[0;39m │ 36.64  [0m[0;39m │
├─────────────────────────────────────────────────────┼──────┼─────────┼───────────────────────────┼─────────┤
[0m[0;39m│ [0m[0;39m"txdhjgefufhfubssfmytxtgqjzoyxzkjuogbmzlgs"        [0m[0;39m │ 8   [0m[0;39m │ 7476   [0m[0;39m │ "dkuifoecyjkooabmzq"     [0m[0;39m │ 51.57  [0m[0;39m │
├─────────────────────────────────────────────────────┼──────┼─────────┼───────────────────────────┼─────────┤
[0m[0;39m│ [0m[0;39m"eqttbhfxspykyknmkaerltstsdmzbkrkwabwmrtcnketdt"   [0m[0;39m │ 9   [0m[0;39m │ 1158   [0m[0;39m │ "tdzmzaebwhbrai"         [0m[0;39m │ 98.24  [0m[0;39m │
├─────────────────────────────────────────────────────┼──────┼─────────┼───────────────────────────┼─────────┤
[0m[0;39m│ [0m[0;39m"yclaoffbfmqeslnwvygjuvmssvlcepcwrxf"              [0m[0;39m │ 10  [0m[0;39m │ 3370   [0m[0;39m │ "omepcfbrjqgbsuxp"       [0m[0;39m │ 19.93  [0m[0;39m │
└─────────────────────────────────────────────────────┴──────┴─────────┴───────────────────────────┴─────────┘
[1Gdefault> [10G[0m[J
         [0;90mSELECT[0m
         [0;90mPRAGMA[0m
         [0;90mFROM[0m
         [0;90mINSERT[0m[4A[10G
[1G[JBye
[?2004l[?2004h[[1;32muser@yandex-client-1[m 27][33;1m$ [m[?2004l
exit

Script done on 2026-03-24 17:19:52+03:00 [COMMAND_EXIT_CODE="0"]
