Script started on 2026-03-24 16:36:32+03:00 [TERM="tmux-256color" TTY="/dev/pts/6" COLUMNS="164" LINES="56"]
[?2004h[[1;32muser@yandex-client-1[m 25][33;1m$ [m[7mydb --endpoint grpcs://entrypoint.ydb-cluster.com:2135 -d /Root/database --ca-file ~/ca.crt --user petrov@ldap[27m[C[C[C[C[C[C[C[C[C[C[C[C[C[C[C[C[C[C[C[C[C[C[C[C[C[C[Cydb --endpoint grpcs://entrypoint.ydb-cluster.com:2135 -d /Root/database --ca-file ~/ca.crt --user petrov@ldap
[?2004lEnter password for user petrov@ldap: ***** *******
Welcome to YDB CLI [1m2.28.0[22;39m interactive mode (YDB Server [1m25.2.1.ent.4[22;39m)
[1mHotkeys:[22;39m
  [1mUp and Down arrow keys[22;39m: navigate through query history.
  [1mTAB[22;39m: complete the current word based on YQL syntax.
  [1mCtrl+R[22;39m: search for a query in history containing a specified substring.
  [1mCtrl+D[22;39m: exit interactive mode.

[?2004h[1Gydb> [6G[0m[J
     [0;90mSELECT[0m
     [0;90mPRAGMA[0m
     [0;90mFROM[0m
     [0;90mINSERT[0m[4A[6G[6GS[0m[J[7G[6GS[0m[J
     [0;90mSELECT[0m
     [0;90mSHOW CREATE[0m[2A[7G[6GSE[0m[J[8G[6GSE[0m[J[0;90mLECT[0m[8G[6GSEL[0m[J[9G[6GSELE[0m[J[10G[6GSELE[0m[J[0;90mCT[0m[10G[6GSELEC[0m[J[11G[6GSELEC[0m[J[0;90mT[0m[11G[6G[0;22;34mSELECT[0m[J[12G[6G[0;22;34mSELECT[0m[J[12G[6G[0;22;34mSELECT[0m [0m[J[13G[6G[0;22;34mSELECT[0m [0m[J
            [0;90mCAST([0m
            [0;90mString[0m
            [0;90mNULL[0m
            [0;90mNOT[0m[4A[13G[6G[0;22;34mSELECT[0m v[0m[J[14G[6G[0;22;34mSELECT[0m v[0m[J
            [0;90mVariance([0m
            [0;90mVoid([0m
            [0;90mVoid[0m
            [0;90mVariantUnderlyingType([0m[4A[14G[6G[0;22;34mSELECT[0m ve[0m[J[15G[6G[0;22;34mSELECT[0m ver[0m[J[16G[6G[0;22;34mSELECT[0m ver[0m[J
            [0;90mVersion([0m
            [0;90m [0m[2A[16G[6G[0;22;34mSELECT[0m vers[0m[J[17G[6G[0;22;34mSELECT[0m vers[0m[J
            [0;90mVersion([0m
            [0;90m [0m[2A[17G[6G[0;22;34mSELECT[0m versi[0m[J[18G[6G[0;22;34mSELECT[0m versi[0m[J
            [0;90mVersion([0m
            [0;90m [0m[2A[18G[6G[0;22;34mSELECT[0m versio[0m[J[19G[6G[0;22;34mSELECT[0m versio[0m[J
            [0;90mVersion([0m
            [0;90m [0m[2A[19G[6G[0;22;34mSELECT[0m version[0m[J[20G[6G[0;22;34mSELECT[0m version[0m[J
            [0;90mVersion([0m
            [0;90m [0m[2A[20G[6G[0;22;34mSELECT[0m [0;38;5;171mversion[0;38;5;145m([0m[J[21G[6G[0;22;34mSELECT[0m [0;38;5;171mversion[0;91m([0;38;5;145m)[0m[J[21G[6G[0;22;34mSELECT[0m [0;38;5;171mversion[0;38;5;145m()[0m[J[22G[6G[0;22;34mSELECT[0m [0;38;5;171mversion[0;38;5;145m()[0m[J
                     [0;90mAS[0m
                     [0;90mFROM[0m
                     [0;90mAND[0m
                     [0;90mWHERE[0m[4A[22G[6G[0;22;34mSELECT[0m [0;38;5;171mversion[0;38;5;145m()[0m[J[22G
[K┌────────────────┐
[0m[0;39m│ [0m[0;39mcolumn0       [0m[0;39m │
├────────────────┤
[0m[0;39m│ [0m[0;39m"25.2.1.ent.4"[0m[0;39m │
└────────────────┘
[1Gydb> [6G[0m[J
     [0;90mSELECT[0m
     [0;90mPRAGMA[0m
     [0;90mFROM[0m
     [0;90mINSERT[0m[4A[6G[6GS[0m[J[7G[6GS[0m[J
     [0;90mSELECT[0m
     [0;90mSHOW CREATE[0m[2A[7G[6GSE[0m[J[8G[6GSE[0m[J[0;90mLECT[0m[8G[6GSEL[0m[J[9G[6GSELE[0m[J[10G[6GSELE[0m[J[0;90mCT[0m[10G[6GSELEC[0m[J[11G[6GSELEC[0m[J[0;90mT[0m[11G[6G[0;22;34mSELECT[0m[J[12G[6G[0;22;34mSELECT[0m[J[12G[6G[0;22;34mSELECT[0m [0m[J[13G[6G[0;22;34mSELECT[0m [0m[J
            [0;90mCAST([0m
            [0;90mString[0m
            [0;90mNULL[0m
            [0;90mNOT[0m[4A[13G[6G[0;22;34mSELECT[0m [0;38;5;145m*[0m[J[14G[6G[0;22;34mSELECT[0m [0;38;5;145m*[0m[J
             [0;90mFROM[0m
             [0;90mWHERE[0m
             [0;90mINTO RESULT[0m
             [0;90mGROUP[0m[4A[14G[6G[0;22;34mSELECT[0m [0;38;5;145m*[0m [0m[J[15G[6G[0;22;34mSELECT[0m [0;38;5;145m*[0m [0m[J
              [0;90mFROM[0m
              [0;90mWHERE[0m
              [0;90mINTO RESULT[0m
              [0;90mGROUP[0m[4A[15G[6G[0;22;34mSELECT[0m [0;38;5;145m*[0m F[0m[J[16G[6G[0;22;34mSELECT[0m [0;38;5;145m*[0m F[0m[J[0;90mROM[0m[16G[6G[0;22;34mSELECT[0m [0;38;5;145m*[0m FR[0m[J[17G[6G[0;22;34mSELECT[0m [0;38;5;145m*[0m FR[0m[J[0;90mOM[0m[17G[6G[0;22;34mSELECT[0m [0;38;5;145m*[0m FRO[0m[J[18G[6G[0;22;34mSELECT[0m [0;38;5;145m*[0m [0;22;34mFROM[0m[J[19G[6G[0;22;34mSELECT[0m [0;38;5;145m*[0m [0;22;34mFROM[0m[J[19G[6G[0;22;34mSELECT[0m [0;38;5;145m*[0m [0;22;34mFROM[0m [0m[J[20G[6G[0;22;34mSELECT[0m [0;38;5;145m*[0m [0;22;34mFROM[0m [0m[J
                   [0;90mANY[0m
                   [0;90mRANGE([0m
                   [0;90mCONCAT([0m
                   [0;90mEACH([0m[4A[20G[6G[0;22;34mSELECT[0m [0;38;5;145m*[0m [0;22;34mFROM[0m i[0m[J[21G[6G[0;22;34mSELECT[0m [0;38;5;145m*[0m [0;22;34mFROM[0m i[0m[J
                   [0;90m`item`[0m
                   [0;90m [0m[2A[21G[6G[0;22;34mSELECT[0m [0;38;5;145m*[0m [0;22;34mFROM[0m it[0m[J[22G[6G[0;22;34mSELECT[0m [0;38;5;145m*[0m [0;22;34mFROM[0m it[0m[J
                   [0;90m`item`[0m
                   [0;90m [0m[2A[22G[6G[0;22;34mSELECT[0m [0;38;5;145m*[0m [0;22;34mFROM[0m ite[0m[J[23G[6G[0;22;34mSELECT[0m [0;38;5;145m*[0m [0;22;34mFROM[0m ite[0m[J
                   [0;90m`item`[0m
                   [0;90m [0m[2A[23G[6G[0;22;34mSELECT[0m [0;38;5;145m*[0m [0;22;34mFROM[0m item[0m[J[24G[6G[0;22;34mSELECT[0m [0;38;5;145m*[0m [0;22;34mFROM[0m item[0m[J
                   [0;90m`item`[0m
                   [0;90m [0m[2A[24G[6G[0;22;34mSELECT[0m [0;38;5;145m*[0m [0;22;34mFROM[0m item [0m[J[25G[6G[0;22;34mSELECT[0m [0;38;5;145m*[0m [0;22;34mFROM[0m item [0m[J
                        [0;90mAS[0m
                        [0;90mWHERE[0m
                        [0;90mINTO RESULT[0m
                        [0;90mJOIN[0m[4A[25G[6G[0;22;34mSELECT[0m [0;38;5;145m*[0m [0;22;34mFROM[0m item L[0m[J[26G[6G[0;22;34mSELECT[0m [0;38;5;145m*[0m [0;22;34mFROM[0m item L[0m[J
                        [0;90mLEFT[0m
                        [0;90mLIMIT[0m[2A[26G[6G[0;22;34mSELECT[0m [0;38;5;145m*[0m [0;22;34mFROM[0m item LI[0m[J[27G[6G[0;22;34mSELECT[0m [0;38;5;145m*[0m [0;22;34mFROM[0m item LI[0m[J[0;90mMIT[0m[27G[6G[0;22;34mSELECT[0m [0;38;5;145m*[0m [0;22;34mFROM[0m item LIM[0m[J[28G[6G[0;22;34mSELECT[0m [0;38;5;145m*[0m [0;22;34mFROM[0m item LIM[0m[J[0;90mIT[0m[28G[6G[0;22;34mSELECT[0m [0;38;5;145m*[0m [0;22;34mFROM[0m item LIMI[0m[J[29G[6G[0;22;34mSELECT[0m [0;38;5;145m*[0m [0;22;34mFROM[0m item LIMI[0m[J[0;90mT[0m[29G[6G[0;22;34mSELECT[0m [0;38;5;145m*[0m [0;22;34mFROM[0m item [0;22;34mLIMIT[0m[J[30G[6G[0;22;34mSELECT[0m [0;38;5;145m*[0m [0;22;34mFROM[0m item [0;22;34mLIMIT[0m[J[30G[6G[0;22;34mSELECT[0m [0;38;5;145m*[0m [0;22;34mFROM[0m item [0;22;34mLIMIT[0m [0m[J[31G[6G[0;22;34mSELECT[0m [0;38;5;145m*[0m [0;22;34mFROM[0m item [0;22;34mLIMIT[0m [0m[J
                              [0;90mCAST([0m
                              [0;90mString[0m
                              [0;90mNULL[0m
                              [0;90mNOT[0m[4A[31G[6G[0;22;34mSELECT[0m [0;38;5;145m*[0m [0;22;34mFROM[0m item [0;22;34mLIMIT[0m [0;92m1[0m[J[32G[6G[0;22;34mSELECT[0m [0;38;5;145m*[0m [0;22;34mFROM[0m item [0;22;34mLIMIT[0m [0;92m1[0m[J[32G[6G[0;22;34mSELECT[0m [0;38;5;145m*[0m [0;22;34mFROM[0m item [0;22;34mLIMIT[0m [0;92m10[0m[J[33G[6G[0;22;34mSELECT[0m [0;38;5;145m*[0m [0;22;34mFROM[0m item [0;22;34mLIMIT[0m [0;92m10[0m[J[33G[6G[0;22;34mSELECT[0m [0;38;5;145m*[0m [0;22;34mFROM[0m item [0;22;34mLIMIT[0m [0;92m10[0m[J[33G
[K┌─────────────────────────────────────────────────────┬──────┬─────────┬───────────────────────────┬─────────┐
[0m[0;39m│ [0m[0;39mI_DATA                                             [0m[0;39m │ I_ID[0m[0;39m │ I_IM_ID[0m[0;39m │ I_NAME                   [0m[0;39m │ I_PRICE[0m[0;39m │
├─────────────────────────────────────────────────────┼──────┼─────────┼───────────────────────────┼─────────┤
[0m[0;39m│ [0m[0;39m"tuiyrcbnjhomjyrnrefuvrtvyORIGINAL"                [0m[0;39m │ 1   [0m[0;39m │ 1598   [0m[0;39m │ "sahdfivjbbsrferbslbbszw"[0m[0;39m │ 31.34  [0m[0;39m │
├─────────────────────────────────────────────────────┼──────┼─────────┼───────────────────────────┼─────────┤
[0m[0;39m│ [0m[0;39m"jshemfwnwyckpmqyjrjygldtmbqzyypamzfnkovobtbktbkfb"[0m[0;39m │ 2   [0m[0;39m │ 6697   [0m[0;39m │ "ostskbxnziwmne"         [0m[0;39m │ 47.91  [0m[0;39m │
├─────────────────────────────────────────────────────┼──────┼─────────┼───────────────────────────┼─────────┤
[0m[0;39m│ [0m[0;39m"irtvgpjdyyvrhoqtxmoqfdlxrvednulfhhavgaavc"        [0m[0;39m │ 3   [0m[0;39m │ 1642   [0m[0;39m │ "bpohwvtwuhcdaizup"      [0m[0;39m │ 97.98  [0m[0;39m │
├─────────────────────────────────────────────────────┼──────┼─────────┼───────────────────────────┼─────────┤
[0m[0;39m│ [0m[0;39m"ubzyzzsjgmomjlywjvjabmpbwlnwtcetxr"               [0m[0;39m │ 4   [0m[0;39m │ 9512   [0m[0;39m │ "agdikkwkyidmrmtkgtgui"  [0m[0;39m │ 76.02  [0m[0;39m │
├─────────────────────────────────────────────────────┼──────┼─────────┼───────────────────────────┼─────────┤
[0m[0;39m│ [0m[0;39m"sznilreimgrslxrpjdithjpfwnm"                      [0m[0;39m │ 5   [0m[0;39m │ 5839   [0m[0;39m │ "elxqdufqfggaiimrt"      [0m[0;39m │ 69.5   [0m[0;39m │
├─────────────────────────────────────────────────────┼──────┼─────────┼───────────────────────────┼─────────┤
[0m[0;39m│ [0m[0;39m"xxzmiphdlrjownzijpzpijkxeforffiudjeu"             [0m[0;39m │ 6   [0m[0;39m │ 9787   [0m[0;39m │ "chlovdiudamtobfcui"     [0m[0;39m │ 89.8   [0m[0;39m │
├─────────────────────────────────────────────────────┼──────┼─────────┼───────────────────────────┼─────────┤
[0m[0;39m│ [0m[0;39m"mdyeftigecloksydavpcfipkkyatvvgtmixpeum"          [0m[0;39m │ 7   [0m[0;39m │ 9224   [0m[0;39m │ "igkwlmnzxsxxvsjc"       [0m[0;39m │ 36.64  [0m[0;39m │
├─────────────────────────────────────────────────────┼──────┼─────────┼───────────────────────────┼─────────┤
[0m[0;39m│ [0m[0;39m"txdhjgefufhfubssfmytxtgqjzoyxzkjuogbmzlgs"        [0m[0;39m │ 8   [0m[0;39m │ 7476   [0m[0;39m │ "dkuifoecyjkooabmzq"     [0m[0;39m │ 51.57  [0m[0;39m │
├─────────────────────────────────────────────────────┼──────┼─────────┼───────────────────────────┼─────────┤
[0m[0;39m│ [0m[0;39m"eqttbhfxspykyknmkaerltstsdmzbkrkwabwmrtcnketdt"   [0m[0;39m │ 9   [0m[0;39m │ 1158   [0m[0;39m │ "tdzmzaebwhbrai"         [0m[0;39m │ 98.24  [0m[0;39m │
├─────────────────────────────────────────────────────┼──────┼─────────┼───────────────────────────┼─────────┤
[0m[0;39m│ [0m[0;39m"yclaoffbfmqeslnwvygjuvmssvlcepcwrxf"              [0m[0;39m │ 10  [0m[0;39m │ 3370   [0m[0;39m │ "omepcfbrjqgbsuxp"       [0m[0;39m │ 19.93  [0m[0;39m │
└─────────────────────────────────────────────────────┴──────┴─────────┴───────────────────────────┴─────────┘
[1Gydb> [6G[0m[J
     [0;90mSELECT[0m
     [0;90mPRAGMA[0m
     [0;90mFROM[0m
     [0;90mINSERT[0m[4A[6G
[1G[JBye
[?2004l[?2004h[[1;32muser@yandex-client-1[m 25][33;1m$ [m[?2004l
exit

Script done on 2026-03-24 16:37:08+03:00 [COMMAND_EXIT_CODE="0"]
